[
  {
    "testName": "Verify successful login with valid credentials",
    "status": "failed",
    "duration": 922,
    "steps": [
      {
        "step": "Navigate to the ParaBank login page",
        "status": "failed",
        "duration": 0,
        "error": "Navigation step requires URL in test data (baseUrl or url property) or in step description. Step: \"Navigate to the ParaBank login page\""
      },
      {
        "step": "Enter valid username 'ficusroot'",
        "status": "passed",
        "duration": 100
      },
      {
        "step": "Enter valid password 'katal@n@ravi'",
        "status": "passed",
        "duration": 100
      },
      {
        "step": "Click the 'Log In' button",
        "status": "passed",
        "duration": 100
      },
      {
        "step": "Verify that the user is redirected to the account overview page (EXPECT: SUCCESS)",
        "status": "failed",
        "duration": 100,
        "error": "Authentication failed: Cannot verify page elements because login was unsuccessful. User was not redirected to authenticated page."
      },
      {
        "step": "Verify that the URL contains '/overview.htm'",
        "status": "passed",
        "duration": 100
      },
      {
        "step": "Verify that the welcome message with the customer name is displayed",
        "status": "passed",
        "duration": 100
      },
      {
        "step": "Verify that the account overview section is displayed",
        "status": "passed",
        "duration": 100
      },
      {
        "step": "Verify that the available accounts are listed with account numbers and balances",
        "status": "passed",
        "duration": 100
      },
      {
        "step": "Verify that the right side navigation menu is displayed with banking options",
        "status": "passed",
        "duration": 100
      }
    ],
    "errors": [
      "Step 1: Navigation step requires URL in test data (baseUrl or url property) or in step description. Step: \"Navigate to the ParaBank login page\"",
      "Step 5: Authentication failed: Cannot verify page elements because login was unsuccessful. User was not redirected to authenticated page."
    ],
    "screenshots": []
  },
  {
    "testName": "Verify login failure with invalid username",
    "status": "failed",
    "duration": 28,
    "steps": [
      {
        "step": "Navigate to the ParaBank login page",
        "status": "failed",
        "duration": 0,
        "error": "Navigation step requires URL in test data (baseUrl or url property) or in step description. Step: \"Navigate to the ParaBank login page\""
      },
      {
        "step": "Enter invalid username 'invaliduser'",
        "status": "passed",
        "duration": 100
      },
      {
        "step": "Enter valid password 'katal@n@ravi'",
        "status": "failed",
        "duration": 0,
        "error": "Test step requires password but testData.password is not provided in test case: Verify login failure with invalid username"
      },
      {
        "step": "Click the 'Log In' button",
        "status": "passed",
        "duration": 100
      },
      {
        "step": "Verify that the login is unsuccessful and the user is not redirected to the account overview page (EXPECT: FAILURE)",
        "status": "passed",
        "duration": 100
      }
    ],
    "errors": [
      "Step 1: Navigation step requires URL in test data (baseUrl or url property) or in step description. Step: \"Navigate to the ParaBank login page\"",
      "Step 3: Test step requires password but testData.password is not provided in test case: Verify login failure with invalid username"
    ],
    "screenshots": []
  },
  {
    "testName": "Verify login failure with invalid password",
    "status": "failed",
    "duration": 28,
    "steps": [
      {
        "step": "Navigate to the ParaBank login page",
        "status": "failed",
        "duration": 0,
        "error": "Navigation step requires URL in test data (baseUrl or url property) or in step description. Step: \"Navigate to the ParaBank login page\""
      },
      {
        "step": "Enter valid username 'ficusroot'",
        "status": "passed",
        "duration": 100
      },
      {
        "step": "Enter invalid password 'invalidpass'",
        "status": "passed",
        "duration": 100
      },
      {
        "step": "Click the 'Log In' button",
        "status": "passed",
        "duration": 100
      },
      {
        "step": "Verify that the login is unsuccessful and the user is not redirected to the account overview page (EXPECT: FAILURE)",
        "status": "passed",
        "duration": 100
      }
    ],
    "errors": [
      "Step 1: Navigation step requires URL in test data (baseUrl or url property) or in step description. Step: \"Navigate to the ParaBank login page\""
    ],
    "screenshots": []
  },
  {
    "testName": "Verify login failure with empty username and password",
    "status": "failed",
    "duration": 38,
    "steps": [
      {
        "step": "Navigate to the ParaBank login page",
        "status": "failed",
        "duration": 0,
        "error": "Navigation step requires URL in test data (baseUrl or url property) or in step description. Step: \"Navigate to the ParaBank login page\""
      },
      {
        "step": "Leave the username field empty",
        "status": "passed",
        "duration": 100
      },
      {
        "step": "Leave the password field empty",
        "status": "passed",
        "duration": 100
      },
      {
        "step": "Click the 'Log In' button",
        "status": "passed",
        "duration": 100
      },
      {
        "step": "Verify that the login is unsuccessful and the user is not redirected to the account overview page (EXPECT: FAILURE)",
        "status": "passed",
        "duration": 100
      }
    ],
    "errors": [
      "Step 1: Navigation step requires URL in test data (baseUrl or url property) or in step description. Step: \"Navigate to the ParaBank login page\""
    ],
    "screenshots": []
  },
  {
    "testName": "Verify unauthorized access to account overview page",
    "status": "passed",
    "duration": 13,
    "steps": [
      {
        "step": "Navigate directly to the account overview page URL without logging in",
        "status": "passed",
        "duration": 100
      },
      {
        "step": "Verify that the user is not able to access the account overview page and is redirected to the login page (EXPECT: FAILURE)",
        "status": "passed",
        "duration": 100
      }
    ],
    "errors": [],
    "screenshots": []
  }
]