[
  {
    "testName": "Login with valid credentials",
    "status": "failed",
    "duration": 3573,
    "steps": [
      {
        "step": "Navigate to the ParaBank login page",
        "status": "passed",
        "duration": 100
      },
      {
        "step": "Enter valid username 'ficusroot'",
        "status": "passed",
        "duration": 100
      },
      {
        "step": "Enter valid password 'katal@n@ravi'",
        "status": "passed",
        "duration": 100
      },
      {
        "step": "Click the 'Log In' button",
        "status": "passed",
        "duration": 100
      },
      {
        "step": "Verify that the user is redirected to the account overview page (EXPECT: SUCCESS)",
        "status": "failed",
        "duration": 100,
        "error": "Authentication failed: Cannot verify page elements because login was unsuccessful. User was not redirected to authenticated page."
      },
      {
        "step": "Verify that the welcome message is displayed with the customer name (EXPECT: SUCCESS)",
        "status": "failed",
        "duration": 100,
        "error": "Authentication failed: Cannot verify page elements because login was unsuccessful. User was not redirected to authenticated page."
      },
      {
        "step": "Verify that the account overview section is displayed (EXPECT: SUCCESS)",
        "status": "failed",
        "duration": 100,
        "error": "Authentication failed: Cannot verify page elements because login was unsuccessful. User was not redirected to authenticated page."
      },
      {
        "step": "Verify that the available accounts are listed with account numbers and balances (EXPECT: SUCCESS)",
        "status": "failed",
        "duration": 100,
        "error": "Authentication failed: Cannot verify page elements because login was unsuccessful. User was not redirected to authenticated page."
      },
      {
        "step": "Verify that the right side navigation menu with banking options is displayed (EXPECT: SUCCESS)",
        "status": "failed",
        "duration": 100,
        "error": "Authentication failed: Cannot verify page elements because login was unsuccessful. User was not redirected to authenticated page."
      }
    ],
    "errors": [
      "Step 5: Authentication failed: Cannot verify page elements because login was unsuccessful. User was not redirected to authenticated page.",
      "Step 6: Authentication failed: Cannot verify page elements because login was unsuccessful. User was not redirected to authenticated page.",
      "Step 7: Authentication failed: Cannot verify page elements because login was unsuccessful. User was not redirected to authenticated page.",
      "Step 8: Authentication failed: Cannot verify page elements because login was unsuccessful. User was not redirected to authenticated page.",
      "Step 9: Authentication failed: Cannot verify page elements because login was unsuccessful. User was not redirected to authenticated page."
    ],
    "screenshots": []
  },
  {
    "testName": "Login with invalid username",
    "status": "failed",
    "duration": 2338,
    "steps": [
      {
        "step": "Navigate to the ParaBank login page",
        "status": "passed",
        "duration": 100
      },
      {
        "step": "Enter invalid username 'invaliduser'",
        "status": "passed",
        "duration": 100
      },
      {
        "step": "Enter valid password 'katal@n@ravi'",
        "status": "passed",
        "duration": 100
      },
      {
        "step": "Click the 'Log In' button",
        "status": "passed",
        "duration": 100
      },
      {
        "step": "Verify that the user is not redirected to the account overview page (EXPECT: FAILURE)",
        "status": "passed",
        "duration": 100
      },
      {
        "step": "Verify that an error message is displayed indicating invalid login credentials (EXPECT: SUCCESS)",
        "status": "failed",
        "duration": 100,
        "error": "Authentication failed: Cannot verify page elements because login was unsuccessful. User was not redirected to authenticated page."
      }
    ],
    "errors": [
      "Step 6: Authentication failed: Cannot verify page elements because login was unsuccessful. User was not redirected to authenticated page."
    ],
    "screenshots": []
  },
  {
    "testName": "Login with invalid password",
    "status": "failed",
    "duration": 2260,
    "steps": [
      {
        "step": "Navigate to the ParaBank login page",
        "status": "passed",
        "duration": 100
      },
      {
        "step": "Enter valid username 'ficusroot'",
        "status": "passed",
        "duration": 100
      },
      {
        "step": "Enter invalid password 'invalidpass'",
        "status": "passed",
        "duration": 100
      },
      {
        "step": "Click the 'Log In' button",
        "status": "passed",
        "duration": 100
      },
      {
        "step": "Verify that the user is not redirected to the account overview page (EXPECT: FAILURE)",
        "status": "passed",
        "duration": 100
      },
      {
        "step": "Verify that an error message is displayed indicating invalid login credentials (EXPECT: SUCCESS)",
        "status": "failed",
        "duration": 100,
        "error": "Authentication failed: Cannot verify page elements because login was unsuccessful. User was not redirected to authenticated page."
      }
    ],
    "errors": [
      "Step 6: Authentication failed: Cannot verify page elements because login was unsuccessful. User was not redirected to authenticated page."
    ],
    "screenshots": []
  },
  {
    "testName": "Login with empty username or password",
    "status": "failed",
    "duration": 1797,
    "steps": [
      {
        "step": "Navigate to the ParaBank login page",
        "status": "passed",
        "duration": 100
      },
      {
        "step": "Leave the username field empty",
        "status": "passed",
        "duration": 100
      },
      {
        "step": "Enter valid password 'katal@n@ravi'",
        "status": "failed",
        "duration": 0,
        "error": "Test step requires password but testData.password is not provided in test case: Login with empty username or password"
      },
      {
        "step": "Click the 'Log In' button",
        "status": "passed",
        "duration": 100
      },
      {
        "step": "Verify that the user is not redirected to the account overview page (EXPECT: FAILURE)",
        "status": "passed",
        "duration": 100
      },
      {
        "step": "Verify that an error message is displayed indicating that both username and password are required (EXPECT: SUCCESS)",
        "status": "failed",
        "duration": 100,
        "error": "Authentication failed: Cannot verify page elements because login was unsuccessful. User was not redirected to authenticated page."
      },
      {
        "step": "Clear the username field",
        "status": "passed",
        "duration": 100
      },
      {
        "step": "Enter valid username 'ficusroot'",
        "status": "failed",
        "duration": 0,
        "error": "Test step requires username but testData.username is not provided in test case: Login with empty username or password"
      },
      {
        "step": "Leave the password field empty",
        "status": "passed",
        "duration": 100
      },
      {
        "step": "Click the 'Log In' button",
        "status": "passed",
        "duration": 100
      },
      {
        "step": "Verify that the user is not redirected to the account overview page (EXPECT: FAILURE)",
        "status": "passed",
        "duration": 100
      },
      {
        "step": "Verify that an error message is displayed indicating that both username and password are required (EXPECT: SUCCESS)",
        "status": "failed",
        "duration": 100,
        "error": "Authentication failed: Cannot verify page elements because login was unsuccessful. User was not redirected to authenticated page."
      }
    ],
    "errors": [
      "Step 3: Test step requires password but testData.password is not provided in test case: Login with empty username or password",
      "Step 6: Authentication failed: Cannot verify page elements because login was unsuccessful. User was not redirected to authenticated page.",
      "Step 8: Test step requires username but testData.username is not provided in test case: Login with empty username or password",
      "Step 12: Authentication failed: Cannot verify page elements because login was unsuccessful. User was not redirected to authenticated page."
    ],
    "screenshots": []
  },
  {
    "testName": "Access account overview page without logging in",
    "status": "passed",
    "duration": 671,
    "steps": [
      {
        "step": "Navigate to the account overview page URL directly (https://parabank.parasoft.com/parabank/overview.htm)",
        "status": "passed",
        "duration": 100
      },
      {
        "step": "Verify that the user is not redirected to the account overview page (EXPECT: FAILURE)",
        "status": "passed",
        "duration": 100
      },
      {
        "step": "Verify that the user is redirected to the login page (EXPECT: SUCCESS)",
        "status": "passed",
        "duration": 100
      }
    ],
    "errors": [],
    "screenshots": []
  }
]