[
  {
    "testName": "Login with valid credentials",
    "status": "failed",
    "duration": 4436,
    "steps": [
      {
        "step": "Navigate to the ParaBank login page",
        "status": "passed",
        "duration": 100
      },
      {
        "step": "Enter valid username 'ficusroot'",
        "status": "passed",
        "duration": 100
      },
      {
        "step": "Enter valid password 'katal@n@ravi'",
        "status": "passed",
        "duration": 100
      },
      {
        "step": "Click the 'Log In' button",
        "status": "passed",
        "duration": 100
      },
      {
        "step": "Verify that the user is redirected to the account overview page (EXPECT: SUCCESS)",
        "status": "failed",
        "duration": 100,
        "error": "Authentication failed: Cannot verify page elements because login was unsuccessful. User was not redirected to authenticated page."
      },
      {
        "step": "Verify that the welcome message is displayed with the customer name (EXPECT: SUCCESS)",
        "status": "failed",
        "duration": 100,
        "error": "Authentication failed: Cannot verify page elements because login was unsuccessful. User was not redirected to authenticated page."
      },
      {
        "step": "Verify that the Accounts Overview section is displayed (EXPECT: SUCCESS)",
        "status": "failed",
        "duration": 100,
        "error": "Authentication failed: Cannot verify page elements because login was unsuccessful. User was not redirected to authenticated page."
      },
      {
        "step": "Verify that the available accounts are listed with their account numbers and balances (EXPECT: SUCCESS)",
        "status": "failed",
        "duration": 100,
        "error": "Authentication failed: Cannot verify page elements because login was unsuccessful. User was not redirected to authenticated page."
      },
      {
        "step": "Verify that the right-side navigation menu displays the banking options (EXPECT: SUCCESS)",
        "status": "failed",
        "duration": 100,
        "error": "Authentication failed: Cannot verify page elements because login was unsuccessful. User was not redirected to authenticated page."
      }
    ],
    "errors": [
      "Step 5: Authentication failed: Cannot verify page elements because login was unsuccessful. User was not redirected to authenticated page.",
      "Step 6: Authentication failed: Cannot verify page elements because login was unsuccessful. User was not redirected to authenticated page.",
      "Step 7: Authentication failed: Cannot verify page elements because login was unsuccessful. User was not redirected to authenticated page.",
      "Step 8: Authentication failed: Cannot verify page elements because login was unsuccessful. User was not redirected to authenticated page.",
      "Step 9: Authentication failed: Cannot verify page elements because login was unsuccessful. User was not redirected to authenticated page."
    ],
    "screenshots": []
  },
  {
    "testName": "Login with invalid username",
    "status": "failed",
    "duration": 1829,
    "steps": [
      {
        "step": "Navigate to the ParaBank login page",
        "status": "passed",
        "duration": 100
      },
      {
        "step": "Enter invalid username 'invaliduser'",
        "status": "passed",
        "duration": 100
      },
      {
        "step": "Enter valid password 'katal@n@ravi'",
        "status": "failed",
        "duration": 0,
        "error": "Test step requires password but testData.password is not provided in test case: Login with invalid username"
      },
      {
        "step": "Click the 'Log In' button",
        "status": "passed",
        "duration": 100
      },
      {
        "step": "Verify that the user is not redirected to the account overview page (EXPECT: FAILURE)",
        "status": "passed",
        "duration": 100
      },
      {
        "step": "Verify that an error message is displayed indicating invalid credentials (EXPECT: SUCCESS)",
        "status": "failed",
        "duration": 100,
        "error": "Authentication failed: Cannot verify page elements because login was unsuccessful. User was not redirected to authenticated page."
      }
    ],
    "errors": [
      "Step 3: Test step requires password but testData.password is not provided in test case: Login with invalid username",
      "Step 6: Authentication failed: Cannot verify page elements because login was unsuccessful. User was not redirected to authenticated page."
    ],
    "screenshots": []
  },
  {
    "testName": "Login with invalid password",
    "status": "failed",
    "duration": 2271,
    "steps": [
      {
        "step": "Navigate to the ParaBank login page",
        "status": "passed",
        "duration": 100
      },
      {
        "step": "Enter valid username 'ficusroot'",
        "status": "passed",
        "duration": 100
      },
      {
        "step": "Enter invalid password 'invalidpass'",
        "status": "passed",
        "duration": 100
      },
      {
        "step": "Click the 'Log In' button",
        "status": "passed",
        "duration": 100
      },
      {
        "step": "Verify that the user is not redirected to the account overview page (EXPECT: FAILURE)",
        "status": "passed",
        "duration": 100
      },
      {
        "step": "Verify that an error message is displayed indicating invalid credentials (EXPECT: SUCCESS)",
        "status": "failed",
        "duration": 100,
        "error": "Authentication failed: Cannot verify page elements because login was unsuccessful. User was not redirected to authenticated page."
      }
    ],
    "errors": [
      "Step 6: Authentication failed: Cannot verify page elements because login was unsuccessful. User was not redirected to authenticated page."
    ],
    "screenshots": []
  },
  {
    "testName": "Login with empty username and password",
    "status": "failed",
    "duration": 1213,
    "steps": [
      {
        "step": "Navigate to the ParaBank login page",
        "status": "passed",
        "duration": 100
      },
      {
        "step": "Leave the username field empty",
        "status": "passed",
        "duration": 100
      },
      {
        "step": "Leave the password field empty",
        "status": "passed",
        "duration": 100
      },
      {
        "step": "Click the 'Log In' button",
        "status": "passed",
        "duration": 100
      },
      {
        "step": "Verify that the user is not redirected to the account overview page (EXPECT: FAILURE)",
        "status": "passed",
        "duration": 100
      },
      {
        "step": "Verify that an error message is displayed indicating missing credentials (EXPECT: SUCCESS)",
        "status": "failed",
        "duration": 100,
        "error": "Authentication failed: Cannot verify page elements because login was unsuccessful. User was not redirected to authenticated page."
      }
    ],
    "errors": [
      "Step 6: Authentication failed: Cannot verify page elements because login was unsuccessful. User was not redirected to authenticated page."
    ],
    "screenshots": []
  },
  {
    "testName": "Login with special characters in username and password",
    "status": "failed",
    "duration": 2368,
    "steps": [
      {
        "step": "Navigate to the ParaBank login page",
        "status": "passed",
        "duration": 100
      },
      {
        "step": "Enter username with special characters '!@#$%^&*()_+'",
        "status": "passed",
        "duration": 100
      },
      {
        "step": "Enter password with special characters '!@#$%^&*()_+'",
        "status": "passed",
        "duration": 100
      },
      {
        "step": "Click the 'Log In' button",
        "status": "passed",
        "duration": 100
      },
      {
        "step": "Verify that the user is not redirected to the account overview page (EXPECT: FAILURE)",
        "status": "passed",
        "duration": 100
      },
      {
        "step": "Verify that an error message is displayed indicating invalid credentials (EXPECT: SUCCESS)",
        "status": "failed",
        "duration": 100,
        "error": "Authentication failed: Cannot verify page elements because login was unsuccessful. User was not redirected to authenticated page."
      }
    ],
    "errors": [
      "Step 6: Authentication failed: Cannot verify page elements because login was unsuccessful. User was not redirected to authenticated page."
    ],
    "screenshots": []
  }
]