<!DOCTYPE html>
<html lang="en">
<head>
    <meta charset="UTF-8">
    <meta name="viewport" content="width=device-width, initial-scale=1.0">
    <title>Test Results Report - AUTH-001</title>
    <style>
        body { font-family: Arial, sans-serif; margin: 20px; background: #f5f5f5; }
        .container { max-width: 1200px; margin: 0 auto; background: white; padding: 20px; border-radius: 8px; box-shadow: 0 2px 10px rgba(0,0,0,0.1); }
        .header { text-align: center; border-bottom: 2px solid #007acc; padding-bottom: 20px; margin-bottom: 30px; }
        .header h1 { color: #007acc; margin: 0; }
        .header .story-id { color: #666; font-size: 18px; margin-top: 5px; }
        .metrics { display: grid; grid-template-columns: repeat(auto-fit, minmax(200px, 1fr)); gap: 20px; margin-bottom: 30px; }
        .metric-card { background: #f8f9fa; padding: 20px; border-radius: 8px; text-align: center; border-left: 4px solid #007acc; }
        .metric-value { font-size: 2em; font-weight: bold; margin: 10px 0; }
        .metric-label { color: #666; font-size: 14px; }
        .pass-rate { color: #dc3545; }
        .risk-level { color: #dc3545; }
        .section { margin: 30px 0; }
        .section h2 { color: #333; border-bottom: 1px solid #dee2e6; padding-bottom: 10px; }
        .test-item { background: #f8f9fa; margin: 10px 0; padding: 15px; border-radius: 5px; border-left: 4px solid; }
        .test-passed { border-left-color: #28a745; }
        .test-failed { border-left-color: #dc3545; }
        .test-name { font-weight: bold; margin-bottom: 5px; }
        .test-details { color: #666; font-size: 14px; }
        .test-errors { background: #fff3cd; border: 1px solid #ffeaa7; border-radius: 4px; padding: 10px; margin-top: 10px; }
        .error-item { color: #856404; margin: 5px 0; }
        .test-steps { background: #f8f9fa; border: 1px solid #dee2e6; border-radius: 4px; padding: 15px; margin-top: 10px; }
        .test-steps h4 { margin: 0 0 10px 0; color: #495057; font-size: 14px; }
        .step-item { margin: 8px 0; padding: 8px 12px; background: white; border-radius: 4px; border-left: 3px solid; font-family: 'Courier New', monospace; font-size: 13px; }
        .step-passed { border-left-color: #28a745; }
        .step-failed { border-left-color: #dc3545; background: #fff5f5; }
        .step-status { font-weight: bold; margin-right: 8px; }
        .step-duration { color: #666; font-size: 11px; float: right; }
        .step-error { color: #dc3545; font-size: 12px; margin-top: 4px; font-style: italic; }
        .summary-text { background: #e3f2fd; padding: 20px; border-radius: 8px; border-left: 4px solid #007acc; }
        .list-item { margin: 10px 0; padding: 10px; background: #f8f9fa; border-radius: 4px; }
        .timestamp { color: #666; font-size: 12px; text-align: center; margin-top: 30px; padding-top: 20px; border-top: 1px solid #dee2e6; }
    </style>
</head>
<body>
    <div class="container">
        <div class="header">
            <h1>üß™ Test Execution Report</h1>
            <div class="story-id">Story: AUTH-001</div>
        </div>

        <div class="metrics">
            <div class="metric-card">
                <div class="metric-value pass-rate">0.0%</div>
                <div class="metric-label">Pass Rate</div>
            </div>
            <div class="metric-card">
                <div class="metric-value">5</div>
                <div class="metric-label">Total Tests</div>
            </div>
            <div class="metric-card">
                <div class="metric-value" style="color: #28a745;">0</div>
                <div class="metric-label">Passed</div>
            </div>
            <div class="metric-card">
                <div class="metric-value" style="color: #dc3545;">5</div>
                <div class="metric-label">Failed</div>
            </div>
            <div class="metric-card">
                <div class="metric-value risk-level">HIGH</div>
                <div class="metric-label">Risk Level</div>
            </div>
        </div>

        <div class="section">
            <h2>üìã Summary</h2>
            <div class="summary-text">The test results show a complete failure in the login functionality, with all 5 test cases failing. The average test duration is 1167ms, which is relatively high. The test coverage appears to be limited, focusing only on the login functionality without testing other critical areas of the application.</div>
        </div>

        <div class="section">
            <h2>üß™ Test Results</h2>
            
                <div class="test-item test-failed">
                    <div class="test-name">
                        ‚ùå Login with valid credentials
                    </div>
                    <div class="test-details">
                        Duration: 2001ms | Steps: 11 | Status: FAILED
                    </div>
                    
                    
                        <div class="test-steps">
                            <h4>üìã Test Steps Executed:</h4>
                            
                                <div class="step-item step-failed">
                                    <span class="step-status">‚ùå</span>
                                    <strong>Step 1:</strong> Navigate to the ParaBank login page
                                    <span class="step-duration">0ms</span>
                                    <div class="step-error">Error: No URL found in navigation step</div>
                                </div>
                            
                                <div class="step-item step-failed">
                                    <span class="step-status">‚ùå</span>
                                    <strong>Step 2:</strong> Enter valid username
                                    <span class="step-duration">0ms</span>
                                    <div class="step-error">Error: No username found in step</div>
                                </div>
                            
                                <div class="step-item step-failed">
                                    <span class="step-status">‚ùå</span>
                                    <strong>Step 3:</strong> Enter valid password
                                    <span class="step-duration">1ms</span>
                                    <div class="step-error">Error: No password found in step</div>
                                </div>
                            
                                <div class="step-item step-failed">
                                    <span class="step-status">‚ùå</span>
                                    <strong>Step 4:</strong> Click the 'Log In' button
                                    <span class="step-duration">43ms</span>
                                    <div class="step-error">Error: Login button not found</div>
                                </div>
                            
                                <div class="step-item step-failed">
                                    <span class="step-status">‚ùå</span>
                                    <strong>Step 5:</strong> Verify the user is redirected to the account overview page (EXPECT: SUCCESS)
                                    <span class="step-duration">0ms</span>
                                    <div class="step-error">Error: Verification failed: Not redirected to overview page. Current URL: about:blank</div>
                                </div>
                            
                                <div class="step-item step-failed">
                                    <span class="step-status">‚ùå</span>
                                    <strong>Step 6:</strong> Verify the URL contains '/overview.htm'
                                    <span class="step-duration">0ms</span>
                                    <div class="step-error">Error: Verification failed: Not redirected to overview page. Current URL: about:blank</div>
                                </div>
                            
                                <div class="step-item step-failed">
                                    <span class="step-status">‚ùå</span>
                                    <strong>Step 7:</strong> Verify the 'Welcome' message is displayed with the customer name
                                    <span class="step-duration">4ms</span>
                                    <div class="step-error">Error: Verification failed: Welcome message not found</div>
                                </div>
                            
                                <div class="step-item step-failed">
                                    <span class="step-status">‚ùå</span>
                                    <strong>Step 8:</strong> Verify the 'Accounts Overview' heading is displayed
                                    <span class="step-duration">0ms</span>
                                    <div class="step-error">Error: Verification failed: Not redirected to overview page. Current URL: about:blank</div>
                                </div>
                            
                                <div class="step-item step-passed">
                                    <span class="step-status">‚úÖ</span>
                                    <strong>Step 9:</strong> Verify the list of available accounts is displayed with account numbers and balances
                                    <span class="step-duration">510ms</span>
                                    
                                </div>
                            
                                <div class="step-item step-passed">
                                    <span class="step-status">‚úÖ</span>
                                    <strong>Step 10:</strong> Verify the right side navigation menu with banking options is displayed
                                    <span class="step-duration">510ms</span>
                                    
                                </div>
                            
                                <div class="step-item step-passed">
                                    <span class="step-status">‚úÖ</span>
                                    <strong>Step 11:</strong> Verify the 'Log Out' link is visible in the top navigation
                                    <span class="step-duration">503ms</span>
                                    
                                </div>
                            
                        </div>
                    
                    
                    
                        <div class="test-errors">
                            <strong>‚ö†Ô∏è Test-Level Errors:</strong>
                            <div class="error-item">‚ùå Step 1: No URL found in navigation step</div><div class="error-item">‚ùå Step 2: No username found in step</div><div class="error-item">‚ùå Step 3: No password found in step</div><div class="error-item">‚ùå Step 4: Login button not found</div><div class="error-item">‚ùå Step 5: Verification failed: Not redirected to overview page. Current URL: about:blank</div><div class="error-item">‚ùå Step 6: Verification failed: Not redirected to overview page. Current URL: about:blank</div><div class="error-item">‚ùå Step 7: Verification failed: Welcome message not found</div><div class="error-item">‚ùå Step 8: Verification failed: Not redirected to overview page. Current URL: about:blank</div>
                        </div>
                    
                </div>
            
                <div class="test-item test-failed">
                    <div class="test-name">
                        ‚ùå Login with invalid username
                    </div>
                    <div class="test-details">
                        Duration: 735ms | Steps: 6 | Status: FAILED
                    </div>
                    
                    
                        <div class="test-steps">
                            <h4>üìã Test Steps Executed:</h4>
                            
                                <div class="step-item step-failed">
                                    <span class="step-status">‚ùå</span>
                                    <strong>Step 1:</strong> Navigate to the ParaBank login page
                                    <span class="step-duration">1ms</span>
                                    <div class="step-error">Error: No URL found in navigation step</div>
                                </div>
                            
                                <div class="step-item step-failed">
                                    <span class="step-status">‚ùå</span>
                                    <strong>Step 2:</strong> Enter an invalid username
                                    <span class="step-duration">0ms</span>
                                    <div class="step-error">Error: No username found in step</div>
                                </div>
                            
                                <div class="step-item step-failed">
                                    <span class="step-status">‚ùå</span>
                                    <strong>Step 3:</strong> Enter a valid password
                                    <span class="step-duration">0ms</span>
                                    <div class="step-error">Error: No password found in step</div>
                                </div>
                            
                                <div class="step-item step-failed">
                                    <span class="step-status">‚ùå</span>
                                    <strong>Step 4:</strong> Click the 'Log In' button
                                    <span class="step-duration">16ms</span>
                                    <div class="step-error">Error: Login button not found</div>
                                </div>
                            
                                <div class="step-item step-failed">
                                    <span class="step-status">‚ùå</span>
                                    <strong>Step 5:</strong> Verify the user is not redirected to the account overview page (EXPECT: FAILURE)
                                    <span class="step-duration">0ms</span>
                                    <div class="step-error">Error: Verification failed: Not redirected to overview page. Current URL: about:blank</div>
                                </div>
                            
                                <div class="step-item step-passed">
                                    <span class="step-status">‚úÖ</span>
                                    <strong>Step 6:</strong> Verify an error message is displayed indicating invalid credentials
                                    <span class="step-duration">504ms</span>
                                    
                                </div>
                            
                        </div>
                    
                    
                    
                        <div class="test-errors">
                            <strong>‚ö†Ô∏è Test-Level Errors:</strong>
                            <div class="error-item">‚ùå Step 1: No URL found in navigation step</div><div class="error-item">‚ùå Step 2: No username found in step</div><div class="error-item">‚ùå Step 3: No password found in step</div><div class="error-item">‚ùå Step 4: Login button not found</div><div class="error-item">‚ùå Step 5: Verification failed: Not redirected to overview page. Current URL: about:blank</div>
                        </div>
                    
                </div>
            
                <div class="test-item test-failed">
                    <div class="test-name">
                        ‚ùå Login with invalid password
                    </div>
                    <div class="test-details">
                        Duration: 709ms | Steps: 6 | Status: FAILED
                    </div>
                    
                    
                        <div class="test-steps">
                            <h4>üìã Test Steps Executed:</h4>
                            
                                <div class="step-item step-failed">
                                    <span class="step-status">‚ùå</span>
                                    <strong>Step 1:</strong> Navigate to the ParaBank login page
                                    <span class="step-duration">1ms</span>
                                    <div class="step-error">Error: No URL found in navigation step</div>
                                </div>
                            
                                <div class="step-item step-failed">
                                    <span class="step-status">‚ùå</span>
                                    <strong>Step 2:</strong> Enter a valid username
                                    <span class="step-duration">0ms</span>
                                    <div class="step-error">Error: No username found in step</div>
                                </div>
                            
                                <div class="step-item step-failed">
                                    <span class="step-status">‚ùå</span>
                                    <strong>Step 3:</strong> Enter an invalid password
                                    <span class="step-duration">0ms</span>
                                    <div class="step-error">Error: No password found in step</div>
                                </div>
                            
                                <div class="step-item step-failed">
                                    <span class="step-status">‚ùå</span>
                                    <strong>Step 4:</strong> Click the 'Log In' button
                                    <span class="step-duration">12ms</span>
                                    <div class="step-error">Error: Login button not found</div>
                                </div>
                            
                                <div class="step-item step-failed">
                                    <span class="step-status">‚ùå</span>
                                    <strong>Step 5:</strong> Verify the user is not redirected to the account overview page (EXPECT: FAILURE)
                                    <span class="step-duration">0ms</span>
                                    <div class="step-error">Error: Verification failed: Not redirected to overview page. Current URL: about:blank</div>
                                </div>
                            
                                <div class="step-item step-passed">
                                    <span class="step-status">‚úÖ</span>
                                    <strong>Step 6:</strong> Verify an error message is displayed indicating invalid credentials
                                    <span class="step-duration">515ms</span>
                                    
                                </div>
                            
                        </div>
                    
                    
                    
                        <div class="test-errors">
                            <strong>‚ö†Ô∏è Test-Level Errors:</strong>
                            <div class="error-item">‚ùå Step 1: No URL found in navigation step</div><div class="error-item">‚ùå Step 2: No username found in step</div><div class="error-item">‚ùå Step 3: No password found in step</div><div class="error-item">‚ùå Step 4: Login button not found</div><div class="error-item">‚ùå Step 5: Verification failed: Not redirected to overview page. Current URL: about:blank</div>
                        </div>
                    
                </div>
            
                <div class="test-item test-failed">
                    <div class="test-name">
                        ‚ùå Login with empty username and password
                    </div>
                    <div class="test-details">
                        Duration: 1753ms | Steps: 6 | Status: FAILED
                    </div>
                    
                    
                        <div class="test-steps">
                            <h4>üìã Test Steps Executed:</h4>
                            
                                <div class="step-item step-failed">
                                    <span class="step-status">‚ùå</span>
                                    <strong>Step 1:</strong> Navigate to the ParaBank login page
                                    <span class="step-duration">0ms</span>
                                    <div class="step-error">Error: No URL found in navigation step</div>
                                </div>
                            
                                <div class="step-item step-passed">
                                    <span class="step-status">‚úÖ</span>
                                    <strong>Step 2:</strong> Leave the username field empty
                                    <span class="step-duration">509ms</span>
                                    
                                </div>
                            
                                <div class="step-item step-passed">
                                    <span class="step-status">‚úÖ</span>
                                    <strong>Step 3:</strong> Leave the password field empty
                                    <span class="step-duration">512ms</span>
                                    
                                </div>
                            
                                <div class="step-item step-failed">
                                    <span class="step-status">‚ùå</span>
                                    <strong>Step 4:</strong> Click the 'Log In' button
                                    <span class="step-duration">26ms</span>
                                    <div class="step-error">Error: Login button not found</div>
                                </div>
                            
                                <div class="step-item step-failed">
                                    <span class="step-status">‚ùå</span>
                                    <strong>Step 5:</strong> Verify the user is not redirected to the account overview page (EXPECT: FAILURE)
                                    <span class="step-duration">0ms</span>
                                    <div class="step-error">Error: Verification failed: Not redirected to overview page. Current URL: about:blank</div>
                                </div>
                            
                                <div class="step-item step-passed">
                                    <span class="step-status">‚úÖ</span>
                                    <strong>Step 6:</strong> Verify an error message is displayed indicating both username and password are required
                                    <span class="step-duration">513ms</span>
                                    
                                </div>
                            
                        </div>
                    
                    
                    
                        <div class="test-errors">
                            <strong>‚ö†Ô∏è Test-Level Errors:</strong>
                            <div class="error-item">‚ùå Step 1: No URL found in navigation step</div><div class="error-item">‚ùå Step 4: Login button not found</div><div class="error-item">‚ùå Step 5: Verification failed: Not redirected to overview page. Current URL: about:blank</div>
                        </div>
                    
                </div>
            
                <div class="test-item test-failed">
                    <div class="test-name">
                        ‚ùå Access account overview page without logging in
                    </div>
                    <div class="test-details">
                        Duration: 638ms | Steps: 3 | Status: FAILED
                    </div>
                    
                    
                        <div class="test-steps">
                            <h4>üìã Test Steps Executed:</h4>
                            
                                <div class="step-item step-passed">
                                    <span class="step-status">‚úÖ</span>
                                    <strong>Step 1:</strong> Attempt to directly access the account overview page URL
                                    <span class="step-duration">507ms</span>
                                    
                                </div>
                            
                                <div class="step-item step-failed">
                                    <span class="step-status">‚ùå</span>
                                    <strong>Step 2:</strong> Verify the user is not redirected to the account overview page (EXPECT: FAILURE)
                                    <span class="step-duration">1ms</span>
                                    <div class="step-error">Error: Verification failed: Not redirected to overview page. Current URL: about:blank</div>
                                </div>
                            
                                <div class="step-item step-failed">
                                    <span class="step-status">‚ùå</span>
                                    <strong>Step 3:</strong> Verify the user is redirected to the login page
                                    <span class="step-duration">0ms</span>
                                    <div class="step-error">Error: Verification failed: Not redirected to overview page. Current URL: about:blank</div>
                                </div>
                            
                        </div>
                    
                    
                    
                        <div class="test-errors">
                            <strong>‚ö†Ô∏è Test-Level Errors:</strong>
                            <div class="error-item">‚ùå Step 2: Verification failed: Not redirected to overview page. Current URL: about:blank</div><div class="error-item">‚ùå Step 3: Verification failed: Not redirected to overview page. Current URL: about:blank</div>
                        </div>
                    
                </div>
            
        </div>

        
            <div class="section">
                <h2>üîç Coverage Gaps</h2>
                <div class="list-item">‚ö†Ô∏è Account overview page access without login</div><div class="list-item">‚ö†Ô∏è Other critical functionality beyond login</div>
            </div>
        

        
            <div class="section">
                <h2>üö® Critical Issues</h2>
                <div class="list-item" style="background: #fff3cd; border-left: 4px solid #dc3545;">üö® Inability to log in with valid or invalid credentials</div><div class="list-item" style="background: #fff3cd; border-left: 4px solid #dc3545;">üö® Inability to access the account overview page without logging in</div>
            </div>
        

        
            <div class="section">
                <h2>üí° Recommendations</h2>
                <div class="list-item" style="background: #e3f2fd; border-left: 4px solid #007acc;">üí° Improve test coverage to include more critical user flows</div><div class="list-item" style="background: #e3f2fd; border-left: 4px solid #007acc;">üí° Investigate and fix the root causes of the login failures</div><div class="list-item" style="background: #e3f2fd; border-left: 4px solid #007acc;">üí° Optimize test execution time and stability</div>
            </div>
        

        <div class="timestamp">
            Generated on 2025-10-17T00:02:13.399Z
        </div>
    </div>
</body>
</html>