[
  {
    "testName": "Login with valid credentials",
    "status": "failed",
    "duration": 62996,
    "steps": [
      {
        "step": "Navigate to the ParaBank login page",
        "status": "failed",
        "duration": 0,
        "error": "Navigation step requires URL in test data (baseUrl or url property) or in step description. Step: \"Navigate to the ParaBank login page\""
      },
      {
        "step": "Enter the valid username 'ficusroot' in the username field",
        "status": "passed",
        "duration": 100
      },
      {
        "step": "Enter the valid password 'katal@n@ravi' in the password field",
        "status": "passed",
        "duration": 100
      },
      {
        "step": "Click the 'Log In' button",
        "status": "passed",
        "duration": 100
      },
      {
        "step": "Verify that the user is redirected to the account overview page (EXPECT: SUCCESS)",
        "status": "failed",
        "duration": 100,
        "error": "Authentication failed: Cannot verify page elements because login was unsuccessful. User was not redirected to authenticated page."
      },
      {
        "step": "Verify that the welcome message with the customer name is displayed (EXPECT: SUCCESS)",
        "status": "failed",
        "duration": 100,
        "error": "Authentication failed: Cannot verify page elements because login was unsuccessful. User was not redirected to authenticated page."
      },
      {
        "step": "Verify that the Accounts Overview section is displayed (EXPECT: SUCCESS)",
        "status": "failed",
        "duration": 100,
        "error": "Authentication failed: Cannot verify page elements because login was unsuccessful. User was not redirected to authenticated page."
      },
      {
        "step": "Verify that the available accounts are listed with account numbers and balances (EXPECT: SUCCESS)",
        "status": "failed",
        "duration": 100,
        "error": "Authentication failed: Cannot verify page elements because login was unsuccessful. User was not redirected to authenticated page."
      },
      {
        "step": "Verify that the right side navigation menu displays the banking options (EXPECT: SUCCESS)",
        "status": "failed",
        "duration": 100,
        "error": "Authentication failed: Cannot verify page elements because login was unsuccessful. User was not redirected to authenticated page."
      }
    ],
    "errors": [
      "Step 1: Navigation step requires URL in test data (baseUrl or url property) or in step description. Step: \"Navigate to the ParaBank login page\"",
      "Step 5: Authentication failed: Cannot verify page elements because login was unsuccessful. User was not redirected to authenticated page.",
      "Step 6: Authentication failed: Cannot verify page elements because login was unsuccessful. User was not redirected to authenticated page.",
      "Step 7: Authentication failed: Cannot verify page elements because login was unsuccessful. User was not redirected to authenticated page.",
      "Step 8: Authentication failed: Cannot verify page elements because login was unsuccessful. User was not redirected to authenticated page.",
      "Step 9: Authentication failed: Cannot verify page elements because login was unsuccessful. User was not redirected to authenticated page."
    ],
    "screenshots": []
  },
  {
    "testName": "Login with invalid username",
    "status": "failed",
    "duration": 61586,
    "steps": [
      {
        "step": "Navigate to the ParaBank login page",
        "status": "failed",
        "duration": 0,
        "error": "Navigation step requires URL in test data (baseUrl or url property) or in step description. Step: \"Navigate to the ParaBank login page\""
      },
      {
        "step": "Enter the invalid username 'invaliduser' in the username field",
        "status": "passed",
        "duration": 100
      },
      {
        "step": "Enter the valid password 'katal@n@ravi' in the password field",
        "status": "passed",
        "duration": 100
      },
      {
        "step": "Click the 'Log In' button",
        "status": "passed",
        "duration": 100
      },
      {
        "step": "Verify that the login fails and an error message is displayed (EXPECT: FAILURE)",
        "status": "passed",
        "duration": 100
      }
    ],
    "errors": [
      "Step 1: Navigation step requires URL in test data (baseUrl or url property) or in step description. Step: \"Navigate to the ParaBank login page\""
    ],
    "screenshots": []
  },
  {
    "testName": "Login with invalid password",
    "status": "failed",
    "duration": 61591,
    "steps": [
      {
        "step": "Navigate to the ParaBank login page",
        "status": "failed",
        "duration": 0,
        "error": "Navigation step requires URL in test data (baseUrl or url property) or in step description. Step: \"Navigate to the ParaBank login page\""
      },
      {
        "step": "Enter the valid username 'ficusroot' in the username field",
        "status": "passed",
        "duration": 100
      },
      {
        "step": "Enter the invalid password 'invalidpass' in the password field",
        "status": "passed",
        "duration": 100
      },
      {
        "step": "Click the 'Log In' button",
        "status": "passed",
        "duration": 100
      },
      {
        "step": "Verify that the login fails and an error message is displayed (EXPECT: FAILURE)",
        "status": "passed",
        "duration": 100
      }
    ],
    "errors": [
      "Step 1: Navigation step requires URL in test data (baseUrl or url property) or in step description. Step: \"Navigate to the ParaBank login page\""
    ],
    "screenshots": []
  },
  {
    "testName": "Login with empty username or password",
    "status": "failed",
    "duration": 1071,
    "steps": [
      {
        "step": "Navigate to the ParaBank login page",
        "status": "failed",
        "duration": 0,
        "error": "Navigation step requires URL in test data (baseUrl or url property) or in step description. Step: \"Navigate to the ParaBank login page\""
      },
      {
        "step": "Leave the username field empty",
        "status": "passed",
        "duration": 100
      },
      {
        "step": "Enter the valid password 'katal@n@ravi' in the password field",
        "status": "failed",
        "duration": 0,
        "error": "Test step requires password but testData.password is not provided in test case: Login with empty username or password"
      },
      {
        "step": "Click the 'Log In' button",
        "status": "passed",
        "duration": 100
      },
      {
        "step": "Verify that the login fails and an error message is displayed (EXPECT: FAILURE)",
        "status": "passed",
        "duration": 100
      },
      {
        "step": "Clear the password field",
        "status": "passed",
        "duration": 100
      },
      {
        "step": "Enter the valid username 'ficusroot' in the username field",
        "status": "failed",
        "duration": 0,
        "error": "Test step requires username but testData.username is not provided in test case: Login with empty username or password"
      },
      {
        "step": "Click the 'Log In' button",
        "status": "passed",
        "duration": 100
      },
      {
        "step": "Verify that the login fails and an error message is displayed (EXPECT: FAILURE)",
        "status": "passed",
        "duration": 100
      }
    ],
    "errors": [
      "Step 1: Navigation step requires URL in test data (baseUrl or url property) or in step description. Step: \"Navigate to the ParaBank login page\"",
      "Step 3: Test step requires password but testData.password is not provided in test case: Login with empty username or password",
      "Step 7: Test step requires username but testData.username is not provided in test case: Login with empty username or password"
    ],
    "screenshots": []
  },
  {
    "testName": "Attempt to access the login page when already logged in",
    "status": "failed",
    "duration": 22826,
    "steps": [
      {
        "step": "Navigate to the ParaBank login page",
        "status": "failed",
        "duration": 0,
        "error": "Navigation step requires URL in test data (baseUrl or url property) or in step description. Step: \"Navigate to the ParaBank login page\""
      },
      {
        "step": "Enter the valid username 'ficusroot' in the username field",
        "status": "passed",
        "duration": 100
      },
      {
        "step": "Enter the valid password 'katal@n@ravi' in the password field",
        "status": "passed",
        "duration": 100
      },
      {
        "step": "Click the 'Log In' button",
        "status": "passed",
        "duration": 100
      },
      {
        "step": "Verify that the user is redirected to the account overview page (EXPECT: SUCCESS)",
        "status": "failed",
        "duration": 100,
        "error": "Authentication failed: Cannot verify page elements because login was unsuccessful. User was not redirected to authenticated page."
      },
      {
        "step": "Navigate back to the ParaBank login page",
        "status": "passed",
        "duration": 100
      },
      {
        "step": "Verify that the user is automatically redirected to the account overview page (EXPECT: FAILURE)",
        "status": "passed",
        "duration": 100
      }
    ],
    "errors": [
      "Step 1: Navigation step requires URL in test data (baseUrl or url property) or in step description. Step: \"Navigate to the ParaBank login page\"",
      "Step 5: Authentication failed: Cannot verify page elements because login was unsuccessful. User was not redirected to authenticated page."
    ],
    "screenshots": []
  }
]