<!DOCTYPE html>
<html lang="en">
<head>
    <meta charset="UTF-8">
    <meta name="viewport" content="width=device-width, initial-scale=1.0">
    <title>Test Results Report - AUTH-001</title>
    <style>
        body { font-family: Arial, sans-serif; margin: 20px; background: #f5f5f5; }
        .container { max-width: 1200px; margin: 0 auto; background: white; padding: 20px; border-radius: 8px; box-shadow: 0 2px 10px rgba(0,0,0,0.1); }
        .header { text-align: center; border-bottom: 2px solid #007acc; padding-bottom: 20px; margin-bottom: 30px; }
        .header h1 { color: #007acc; margin: 0; }
        .header .story-id { color: #666; font-size: 18px; margin-top: 5px; }
        .metrics { display: grid; grid-template-columns: repeat(auto-fit, minmax(200px, 1fr)); gap: 20px; margin-bottom: 30px; }
        .metric-card { background: #f8f9fa; padding: 20px; border-radius: 8px; text-align: center; border-left: 4px solid #007acc; }
        .metric-value { font-size: 2em; font-weight: bold; margin: 10px 0; }
        .metric-label { color: #666; font-size: 14px; }
        .pass-rate { color: #28a745; }
        .risk-level { color: #ffc107; }
        .section { margin: 30px 0; }
        .section h2 { color: #333; border-bottom: 1px solid #dee2e6; padding-bottom: 10px; }
        .test-item { background: #f8f9fa; margin: 10px 0; padding: 15px; border-radius: 5px; border-left: 4px solid; }
        .test-passed { border-left-color: #28a745; }
        .test-failed { border-left-color: #dc3545; }
        .test-name { font-weight: bold; margin-bottom: 5px; }
        .test-details { color: #666; font-size: 14px; }
        .test-errors { background: #fff3cd; border: 1px solid #ffeaa7; border-radius: 4px; padding: 10px; margin-top: 10px; }
        .error-item { color: #856404; margin: 5px 0; }
        .test-steps { background: #f8f9fa; border: 1px solid #dee2e6; border-radius: 4px; padding: 15px; margin-top: 10px; }
        .test-steps h4 { margin: 0 0 10px 0; color: #495057; font-size: 14px; }
        .step-item { margin: 8px 0; padding: 8px 12px; background: white; border-radius: 4px; border-left: 3px solid; font-family: 'Courier New', monospace; font-size: 13px; }
        .step-passed { border-left-color: #28a745; }
        .step-failed { border-left-color: #dc3545; background: #fff5f5; }
        .step-status { font-weight: bold; margin-right: 8px; }
        .step-duration { color: #666; font-size: 11px; float: right; }
        .step-error { color: #dc3545; font-size: 12px; margin-top: 4px; font-style: italic; }
        .summary-text { background: #e3f2fd; padding: 20px; border-radius: 8px; border-left: 4px solid #007acc; }
        .list-item { margin: 10px 0; padding: 10px; background: #f8f9fa; border-radius: 4px; }
        .timestamp { color: #666; font-size: 12px; text-align: center; margin-top: 30px; padding-top: 20px; border-top: 1px solid #dee2e6; }
    </style>
</head>
<body>
    <div class="container">
        <div class="header">
            <h1>üß™ Test Execution Report</h1>
            <div class="story-id">Story: AUTH-001</div>
        </div>

        <div class="metrics">
            <div class="metric-card">
                <div class="metric-value pass-rate">80.0%</div>
                <div class="metric-label">Pass Rate</div>
            </div>
            <div class="metric-card">
                <div class="metric-value">5</div>
                <div class="metric-label">Total Tests</div>
            </div>
            <div class="metric-card">
                <div class="metric-value" style="color: #28a745;">4</div>
                <div class="metric-label">Passed</div>
            </div>
            <div class="metric-card">
                <div class="metric-value" style="color: #dc3545;">1</div>
                <div class="metric-label">Failed</div>
            </div>
            <div class="metric-card">
                <div class="metric-value risk-level">MEDIUM</div>
                <div class="metric-label">Risk Level</div>
            </div>
        </div>

        <div class="section">
            <h2>üìã Summary</h2>
            <div class="summary-text">Executed 5 tests with 80.0% pass rate</div>
        </div>

        <div class="section">
            <h2>üß™ Test Results</h2>
            
                <div class="test-item test-failed">
                    <div class="test-name">
                        ‚ùå Login with valid credentials
                    </div>
                    <div class="test-details">
                        Duration: 10240ms | Steps: 9 | Status: FAILED
                    </div>
                    
                    
                        <div class="test-steps">
                            <h4>üìã Test Steps Executed:</h4>
                            
                                <div class="step-item step-passed">
                                    <span class="step-status">‚úÖ</span>
                                    <strong>Step 1:</strong> Navigate to the ParaBank login page
                                    <span class="step-duration">3324ms</span>
                                    
                                </div>
                            
                                <div class="step-item step-passed">
                                    <span class="step-status">‚úÖ</span>
                                    <strong>Step 2:</strong> Enter valid username 'ficusroot'
                                    <span class="step-duration">1059ms</span>
                                    
                                </div>
                            
                                <div class="step-item step-passed">
                                    <span class="step-status">‚úÖ</span>
                                    <strong>Step 3:</strong> Enter valid password 'katal@n@ravi'
                                    <span class="step-duration">1045ms</span>
                                    
                                </div>
                            
                                <div class="step-item step-passed">
                                    <span class="step-status">‚úÖ</span>
                                    <strong>Step 4:</strong> Click the 'Log In' button
                                    <span class="step-duration">3233ms</span>
                                    
                                </div>
                            
                                <div class="step-item step-failed">
                                    <span class="step-status">‚ùå</span>
                                    <strong>Step 5:</strong> Verify that the user is redirected to the account overview page (EXPECT: SUCCESS)
                                    <span class="step-duration">22ms</span>
                                    <div class="step-error">Error: Expected to be redirected to overview page</div>
                                </div>
                            
                                <div class="step-item step-failed">
                                    <span class="step-status">‚ùå</span>
                                    <strong>Step 6:</strong> Verify that the welcome message is displayed with the customer name (EXPECT: SUCCESS)
                                    <span class="step-duration">6ms</span>
                                    <div class="step-error">Error: Expected "Welcome" message not found</div>
                                </div>
                            
                                <div class="step-item step-passed">
                                    <span class="step-status">‚úÖ</span>
                                    <strong>Step 7:</strong> Verify that the account overview section is displayed (EXPECT: SUCCESS)
                                    <span class="step-duration">515ms</span>
                                    
                                </div>
                            
                                <div class="step-item step-passed">
                                    <span class="step-status">‚úÖ</span>
                                    <strong>Step 8:</strong> Verify that the available accounts are listed with account numbers and balances (EXPECT: SUCCESS)
                                    <span class="step-duration">513ms</span>
                                    
                                </div>
                            
                                <div class="step-item step-passed">
                                    <span class="step-status">‚úÖ</span>
                                    <strong>Step 9:</strong> Verify that the right side navigation menu with banking options is displayed (EXPECT: SUCCESS)
                                    <span class="step-duration">514ms</span>
                                    
                                </div>
                            
                        </div>
                    
                    
                    
                        <div class="test-errors">
                            <strong>‚ö†Ô∏è Test-Level Errors:</strong>
                            <div class="error-item">‚ùå Step 5: Expected to be redirected to overview page; Step 6: Expected "Welcome" message not found</div>
                        </div>
                    
                </div>
            
                <div class="test-item test-passed">
                    <div class="test-name">
                        ‚úÖ Login with invalid username
                    </div>
                    <div class="test-details">
                        Duration: 8565ms | Steps: 6 | Status: PASSED
                    </div>
                    
                    
                        <div class="test-steps">
                            <h4>üìã Test Steps Executed:</h4>
                            
                                <div class="step-item step-passed">
                                    <span class="step-status">‚úÖ</span>
                                    <strong>Step 1:</strong> Navigate to the ParaBank login page
                                    <span class="step-duration">2193ms</span>
                                    
                                </div>
                            
                                <div class="step-item step-passed">
                                    <span class="step-status">‚úÖ</span>
                                    <strong>Step 2:</strong> Enter invalid username 'invaliduser'
                                    <span class="step-duration">1040ms</span>
                                    
                                </div>
                            
                                <div class="step-item step-passed">
                                    <span class="step-status">‚úÖ</span>
                                    <strong>Step 3:</strong> Enter valid password 'katal@n@ravi'
                                    <span class="step-duration">1035ms</span>
                                    
                                </div>
                            
                                <div class="step-item step-passed">
                                    <span class="step-status">‚úÖ</span>
                                    <strong>Step 4:</strong> Click the 'Log In' button
                                    <span class="step-duration">3248ms</span>
                                    
                                </div>
                            
                                <div class="step-item step-passed">
                                    <span class="step-status">‚úÖ</span>
                                    <strong>Step 5:</strong> Verify that the user is not redirected to the account overview page (EXPECT: FAILURE)
                                    <span class="step-duration">531ms</span>
                                    
                                </div>
                            
                                <div class="step-item step-passed">
                                    <span class="step-status">‚úÖ</span>
                                    <strong>Step 6:</strong> Verify that an error message is displayed indicating invalid login credentials (EXPECT: SUCCESS)
                                    <span class="step-duration">511ms</span>
                                    
                                </div>
                            
                        </div>
                    
                    
                    
                </div>
            
                <div class="test-item test-passed">
                    <div class="test-name">
                        ‚úÖ Login with invalid password
                    </div>
                    <div class="test-details">
                        Duration: 8601ms | Steps: 6 | Status: PASSED
                    </div>
                    
                    
                        <div class="test-steps">
                            <h4>üìã Test Steps Executed:</h4>
                            
                                <div class="step-item step-passed">
                                    <span class="step-status">‚úÖ</span>
                                    <strong>Step 1:</strong> Navigate to the ParaBank login page
                                    <span class="step-duration">2182ms</span>
                                    
                                </div>
                            
                                <div class="step-item step-passed">
                                    <span class="step-status">‚úÖ</span>
                                    <strong>Step 2:</strong> Enter valid username 'ficusroot'
                                    <span class="step-duration">1049ms</span>
                                    
                                </div>
                            
                                <div class="step-item step-passed">
                                    <span class="step-status">‚úÖ</span>
                                    <strong>Step 3:</strong> Enter invalid password 'invalidpass'
                                    <span class="step-duration">1041ms</span>
                                    
                                </div>
                            
                                <div class="step-item step-passed">
                                    <span class="step-status">‚úÖ</span>
                                    <strong>Step 4:</strong> Click the 'Log In' button
                                    <span class="step-duration">3246ms</span>
                                    
                                </div>
                            
                                <div class="step-item step-passed">
                                    <span class="step-status">‚úÖ</span>
                                    <strong>Step 5:</strong> Verify that the user is not redirected to the account overview page (EXPECT: FAILURE)
                                    <span class="step-duration">541ms</span>
                                    
                                </div>
                            
                                <div class="step-item step-passed">
                                    <span class="step-status">‚úÖ</span>
                                    <strong>Step 6:</strong> Verify that an error message is displayed indicating invalid login credentials (EXPECT: SUCCESS)
                                    <span class="step-duration">510ms</span>
                                    
                                </div>
                            
                        </div>
                    
                    
                    
                </div>
            
                <div class="test-item test-passed">
                    <div class="test-name">
                        ‚úÖ Login with empty username or password
                    </div>
                    <div class="test-details">
                        Duration: 14232ms | Steps: 12 | Status: PASSED
                    </div>
                    
                    
                        <div class="test-steps">
                            <h4>üìã Test Steps Executed:</h4>
                            
                                <div class="step-item step-passed">
                                    <span class="step-status">‚úÖ</span>
                                    <strong>Step 1:</strong> Navigate to the ParaBank login page
                                    <span class="step-duration">2180ms</span>
                                    
                                </div>
                            
                                <div class="step-item step-passed">
                                    <span class="step-status">‚úÖ</span>
                                    <strong>Step 2:</strong> Leave the username field empty
                                    <span class="step-duration">510ms</span>
                                    
                                </div>
                            
                                <div class="step-item step-passed">
                                    <span class="step-status">‚úÖ</span>
                                    <strong>Step 3:</strong> Enter valid password 'katal@n@ravi'
                                    <span class="step-duration">1044ms</span>
                                    
                                </div>
                            
                                <div class="step-item step-passed">
                                    <span class="step-status">‚úÖ</span>
                                    <strong>Step 4:</strong> Click the 'Log In' button
                                    <span class="step-duration">3168ms</span>
                                    
                                </div>
                            
                                <div class="step-item step-passed">
                                    <span class="step-status">‚úÖ</span>
                                    <strong>Step 5:</strong> Verify that the user is not redirected to the account overview page (EXPECT: FAILURE)
                                    <span class="step-duration">527ms</span>
                                    
                                </div>
                            
                                <div class="step-item step-passed">
                                    <span class="step-status">‚úÖ</span>
                                    <strong>Step 6:</strong> Verify that an error message is displayed indicating that both username and password are required (EXPECT: SUCCESS)
                                    <span class="step-duration">517ms</span>
                                    
                                </div>
                            
                                <div class="step-item step-passed">
                                    <span class="step-status">‚úÖ</span>
                                    <strong>Step 7:</strong> Clear the username field
                                    <span class="step-duration">513ms</span>
                                    
                                </div>
                            
                                <div class="step-item step-passed">
                                    <span class="step-status">‚úÖ</span>
                                    <strong>Step 8:</strong> Enter valid username 'ficusroot'
                                    <span class="step-duration">1031ms</span>
                                    
                                </div>
                            
                                <div class="step-item step-passed">
                                    <span class="step-status">‚úÖ</span>
                                    <strong>Step 9:</strong> Leave the password field empty
                                    <span class="step-duration">501ms</span>
                                    
                                </div>
                            
                                <div class="step-item step-passed">
                                    <span class="step-status">‚úÖ</span>
                                    <strong>Step 10:</strong> Click the 'Log In' button
                                    <span class="step-duration">3177ms</span>
                                    
                                </div>
                            
                                <div class="step-item step-passed">
                                    <span class="step-status">‚úÖ</span>
                                    <strong>Step 11:</strong> Verify that the user is not redirected to the account overview page (EXPECT: FAILURE)
                                    <span class="step-duration">536ms</span>
                                    
                                </div>
                            
                                <div class="step-item step-passed">
                                    <span class="step-status">‚úÖ</span>
                                    <strong>Step 12:</strong> Verify that an error message is displayed indicating that both username and password are required (EXPECT: SUCCESS)
                                    <span class="step-duration">515ms</span>
                                    
                                </div>
                            
                        </div>
                    
                    
                    
                </div>
            
                <div class="test-item test-passed">
                    <div class="test-name">
                        ‚úÖ Access account overview page without logging in
                    </div>
                    <div class="test-details">
                        Duration: 3228ms | Steps: 3 | Status: PASSED
                    </div>
                    
                    
                        <div class="test-steps">
                            <h4>üìã Test Steps Executed:</h4>
                            
                                <div class="step-item step-passed">
                                    <span class="step-status">‚úÖ</span>
                                    <strong>Step 1:</strong> Navigate to the account overview page URL directly (https://parabank.parasoft.com/parabank/overview.htm)
                                    <span class="step-duration">2181ms</span>
                                    
                                </div>
                            
                                <div class="step-item step-passed">
                                    <span class="step-status">‚úÖ</span>
                                    <strong>Step 2:</strong> Verify that the user is not redirected to the account overview page (EXPECT: FAILURE)
                                    <span class="step-duration">529ms</span>
                                    
                                </div>
                            
                                <div class="step-item step-passed">
                                    <span class="step-status">‚úÖ</span>
                                    <strong>Step 3:</strong> Verify that the user is redirected to the login page (EXPECT: SUCCESS)
                                    <span class="step-duration">515ms</span>
                                    
                                </div>
                            
                        </div>
                    
                    
                    
                </div>
            
        </div>

        
            <div class="section">
                <h2>üîç Coverage Gaps</h2>
                <div class="list-item">‚ö†Ô∏è Analysis unavailable due to API error</div>
            </div>
        

        
            <div class="section">
                <h2>üö® Critical Issues</h2>
                <div class="list-item" style="background: #fff3cd; border-left: 4px solid #dc3545;">üö® Login with valid credentials</div>
            </div>
        

        
            <div class="section">
                <h2>üí° Recommendations</h2>
                <div class="list-item" style="background: #e3f2fd; border-left: 4px solid #007acc;">üí° Review failed tests manually</div><div class="list-item" style="background: #e3f2fd; border-left: 4px solid #007acc;">üí° Check test environment</div>
            </div>
        

        <div class="timestamp">
            Generated on 2025-12-05T18:48:31.805Z
        </div>
    </div>
</body>
</html>